<?xml version="1.0" encoding="UTF-8"?>
<testng-results skipped="0" failed="0" total="1" passed="1">
  <reporter-output>
  </reporter-output>
  <suite name="GRAA" duration-ms="135291" started-at="2017-08-23T07:25:52Z" finished-at="2017-08-23T07:28:08Z">
    <groups>
    </groups>
    <test name="GRAA" duration-ms="135291" started-at="2017-08-23T07:25:52Z" finished-at="2017-08-23T07:28:08Z">
      <class name="intialize.Prerequsite">
        <test-method status="PASS" signature="initialize(org.testng.ITestContext)[pri:0, instance:intialize.Prerequsite@31368b99]" name="initialize" is-config="true" duration-ms="276" started-at="2017-08-23T12:55:52Z" finished-at="2017-08-23T12:55:52Z">
          <params>
            <param index="0">
              <value>
                <![CDATA[org.testng.TestRunner@72c1515c]]>
              </value>
            </param>
          </params>
          <reporter-output>
          </reporter-output>
        </test-method> <!-- initialize -->
        <test-method status="PASS" signature="ending()[pri:0, instance:intialize.Prerequsite@31368b99]" name="ending" is-config="true" duration-ms="4" started-at="2017-08-23T12:58:08Z" finished-at="2017-08-23T12:58:08Z">
          <reporter-output>
          </reporter-output>
        </test-method> <!-- ending -->
      </class> <!-- intialize.Prerequsite -->
      <class name="testscripts.SampleScript">
        <test-method status="PASS" signature="sampleTestcase()[pri:0, instance:testscripts.SampleScript@15c43bd9]" name="sampleTestcase" duration-ms="135273" started-at="2017-08-23T12:55:52Z" finished-at="2017-08-23T12:58:08Z">
          <reporter-output>
          </reporter-output>
        </test-method> <!-- sampleTestcase -->
      </class> <!-- testscripts.SampleScript -->
    </test> <!-- GRAA -->
  </suite> <!-- GRAA -->
</testng-results>
